MVVM/app/build/intermediates/manifest_merge_blame_file/debug/manifest-merger-blame-debug-report.txt
1<?xml version="1.0" encoding="utf-8"?>
2<manifest xmlns:android="http://schemas.android.com/apk/res/android"
3    package="com.example.baseproject"
4    android:versionCode="1"
5    android:versionName="1.0" >
6
7    <uses-sdk
8        android:minSdkVersion="31"
8-->src\main\AndroidManifest.xml
9        android:targetSdkVersion="32" />
9-->src\main\AndroidManifest.xml
10
11    <uses-permission android:name="android.permission.PACKAGE_USAGE_STATS" />
11-->src\main\AndroidManifest.xml:6:5-8:47
11-->src\main\AndroidManifest.xml:7:9-62
12    <uses-permission android:name="android.permission.QUERY_ALL_PACKAGES" />
12-->src\main\AndroidManifest.xml:10:5-12:53
12-->src\main\AndroidManifest.xml:11:9-61
13    <uses-permission android:name="android.permission.FOREGROUND_SERVICE" />
13-->src\main\AndroidManifest.xml:14:5-77
13-->src\main\AndroidManifest.xml:14:22-74
14
15    <application
15-->src\main\AndroidManifest.xml:16:5-37:19
16        android:name="com.example.baseproject.services.CreateNotification"
16-->src\main\AndroidManifest.xml:17:9-52
17        android:allowBackup="true"
17-->src\main\AndroidManifest.xml:18:9-35
18        android:appComponentFactory="androidx.core.app.CoreComponentFactory"
18-->[androidx.core:core:1.7.0] AndroidManifest.xml:24:18-86
19        android:dataExtractionRules="@xml/data_extraction_rules"
19-->src\main\AndroidManifest.xml:19:9-65
20        android:debuggable="true"
21        android:extractNativeLibs="false"
22        android:fullBackupContent="@xml/backup_rules"
22-->src\main\AndroidManifest.xml:20:9-54
23        android:icon="@mipmap/ic_launcher"
23-->src\main\AndroidManifest.xml:21:9-43
24        android:label="@string/app_name"
24-->src\main\AndroidManifest.xml:22:9-41
25        android:roundIcon="@mipmap/ic_launcher_round"
25-->src\main\AndroidManifest.xml:23:9-54
26        android:supportsRtl="true"
26-->src\main\AndroidManifest.xml:24:9-35
27        android:testOnly="true"
28        android:theme="@style/Theme.BaseProject" >
28-->src\main\AndroidManifest.xml:25:9-49
29        <activity
29-->src\main\AndroidManifest.xml:27:9-35:20
30            android:name="com.example.baseproject.view.MainActivity"
30-->src\main\AndroidManifest.xml:28:13-46
31            android:exported="true" >
31-->src\main\AndroidManifest.xml:29:13-36
32            <intent-filter>
32-->src\main\AndroidManifest.xml:30:13-34:29
33                <action android:name="android.intent.action.MAIN" />
33-->src\main\AndroidManifest.xml:31:17-69
33-->src\main\AndroidManifest.xml:31:25-66
34
35                <category android:name="android.intent.category.LAUNCHER" />
35-->src\main\AndroidManifest.xml:33:17-77
35-->src\main\AndroidManifest.xml:33:27-74
36            </intent-filter>
37        </activity>
38
39        <service android:name="com.example.baseproject.services.ForegroundService" />
39-->src\main\AndroidManifest.xml:36:9-63
39-->src\main\AndroidManifest.xml:36:18-60
40
41        <provider
41-->[androidx.emoji2:emoji2:1.0.0] AndroidManifest.xml:26:9-34:20
42            android:name="androidx.startup.InitializationProvider"
42-->[androidx.emoji2:emoji2:1.0.0] AndroidManifest.xml:27:13-67
43            android:authorities="com.example.baseproject.androidx-startup"
43-->[androidx.emoji2:emoji2:1.0.0] AndroidManifest.xml:28:13-68
44            android:exported="false" >
44-->[androidx.emoji2:emoji2:1.0.0] AndroidManifest.xml:29:13-37
45            <meta-data
45-->[androidx.emoji2:emoji2:1.0.0] AndroidManifest.xml:31:13-33:52
46                android:name="androidx.emoji2.text.EmojiCompatInitializer"
46-->[androidx.emoji2:emoji2:1.0.0] AndroidManifest.xml:32:17-75
47                android:value="androidx.startup" />
47-->[androidx.emoji2:emoji2:1.0.0] AndroidManifest.xml:33:17-49
48            <meta-data
48-->[androidx.lifecycle:lifecycle-process:2.4.0] AndroidManifest.xml:31:13-33:52
49                android:name="androidx.lifecycle.ProcessLifecycleInitializer"
49-->[androidx.lifecycle:lifecycle-process:2.4.0] AndroidManifest.xml:32:17-78
50                android:value="androidx.startup" />
50-->[androidx.lifecycle:lifecycle-process:2.4.0] AndroidManifest.xml:33:17-49
51        </provider>
52    </application>
53
54</manifest>